c:\users\user\desktop\apd\image_processing\image_processing\x64\debug\vc143.pdb
c:\users\user\desktop\apd\image_processing\image_processing\x64\debug\vc143.idb
c:\users\user\desktop\apd\image_processing\image_processing\x64\debug\main.obj
c:\users\user\desktop\apd\image_processing\image_processing\x64\debug\image.obj
c:\users\user\desktop\apd\image_processing\image_processing\x64\debug\imageutils.obj
c:\users\user\desktop\apd\image_processing\x64\debug\image_processing.exe
c:\users\user\desktop\apd\image_processing\x64\debug\image_processing.pdb
c:\users\user\desktop\apd\image_processing\image_processing\x64\debug\image_processing.ilk
c:\users\user\desktop\apd\image_processing\image_processing\x64\debug\image_processing.tlog\cl.command.1.tlog
c:\users\user\desktop\apd\image_processing\image_processing\x64\debug\image_processing.tlog\cl.items.tlog
c:\users\user\desktop\apd\image_processing\image_processing\x64\debug\image_processing.tlog\cl.read.1.tlog
c:\users\user\desktop\apd\image_processing\image_processing\x64\debug\image_processing.tlog\cl.write.1.tlog
c:\users\user\desktop\apd\image_processing\image_processing\x64\debug\image_processing.tlog\link-cvtres.read.1.tlog
c:\users\user\desktop\apd\image_processing\image_processing\x64\debug\image_processing.tlog\link-cvtres.write.1.tlog
c:\users\user\desktop\apd\image_processing\image_processing\x64\debug\image_processing.tlog\link-rc.read.1.tlog
c:\users\user\desktop\apd\image_processing\image_processing\x64\debug\image_processing.tlog\link-rc.write.1.tlog
c:\users\user\desktop\apd\image_processing\image_processing\x64\debug\image_processing.tlog\link.11560-cvtres.read.1.tlog
c:\users\user\desktop\apd\image_processing\image_processing\x64\debug\image_processing.tlog\link.11560-cvtres.write.1.tlog
c:\users\user\desktop\apd\image_processing\image_processing\x64\debug\image_processing.tlog\link.11560-rc.read.1.tlog
c:\users\user\desktop\apd\image_processing\image_processing\x64\debug\image_processing.tlog\link.11560-rc.write.1.tlog
c:\users\user\desktop\apd\image_processing\image_processing\x64\debug\image_processing.tlog\link.11560.read.1.tlog
c:\users\user\desktop\apd\image_processing\image_processing\x64\debug\image_processing.tlog\link.11560.read.2.tlog
c:\users\user\desktop\apd\image_processing\image_processing\x64\debug\image_processing.tlog\link.11560.read.3.tlog
c:\users\user\desktop\apd\image_processing\image_processing\x64\debug\image_processing.tlog\link.11560.read.4.tlog
c:\users\user\desktop\apd\image_processing\image_processing\x64\debug\image_processing.tlog\link.11560.write.1.tlog
c:\users\user\desktop\apd\image_processing\image_processing\x64\debug\image_processing.tlog\link.command.1.tlog
c:\users\user\desktop\apd\image_processing\image_processing\x64\debug\image_processing.tlog\link.read.1.tlog
c:\users\user\desktop\apd\image_processing\image_processing\x64\debug\image_processing.tlog\link.read.2.tlog
c:\users\user\desktop\apd\image_processing\image_processing\x64\debug\image_processing.tlog\link.read.3.tlog
c:\users\user\desktop\apd\image_processing\image_processing\x64\debug\image_processing.tlog\link.read.4.tlog
c:\users\user\desktop\apd\image_processing\image_processing\x64\debug\image_processing.tlog\link.read.5.tlog
c:\users\user\desktop\apd\image_processing\image_processing\x64\debug\image_processing.tlog\link.secondary.1.tlog
c:\users\user\desktop\apd\image_processing\image_processing\x64\debug\image_processing.tlog\link.write.1.tlog
